-- Found ament_cmake: 1.3.11 (/opt/ros/humble/share/ament_cmake/cmake)
-- Found rclcpp: 16.0.11 (/opt/ros/humble/share/rclcpp/cmake)
-- Found rosidl_generator_c: 3.1.6 (/opt/ros/humble/share/rosidl_generator_c/cmake)
-- Found rosidl_adapter: 3.1.6 (/opt/ros/humble/share/rosidl_adapter/cmake)
-- Found rosidl_generator_cpp: 3.1.6 (/opt/ros/humble/share/rosidl_generator_cpp/cmake)
-- Using all available rosidl_typesupport_c: rosidl_typesupport_fastrtps_c;rosidl_typesupport_introspection_c
-- Using all available rosidl_typesupport_cpp: rosidl_typesupport_fastrtps_cpp;rosidl_typesupport_introspection_cpp
-- Found rmw_implementation_cmake: 6.1.2 (/opt/ros/humble/share/rmw_implementation_cmake/cmake)
-- Found rmw_fastrtps_cpp: 6.2.7 (/opt/ros/humble/share/rmw_fastrtps_cpp/cmake)
-- Using RMW implementation 'rmw_fastrtps_cpp' as default
-- Found tf2: 0.25.11 (/opt/ros/humble/share/tf2/cmake)
-- Found tf2_ros: 0.25.11 (/opt/ros/humble/share/tf2_ros/cmake)
-- Found tf2_geometry_msgs: 0.25.11 (/opt/ros/humble/share/tf2_geometry_msgs/cmake)
-- Found eigen3_cmake_module: 0.1.1 (/opt/ros/humble/share/eigen3_cmake_module/cmake)
-- Ensuring Eigen3 include directory is part of orocos-kdl CMake target
-- Found turtlesim: 1.4.2 (/opt/ros/humble/share/turtlesim/cmake)
-- Found ament_lint_auto: 0.12.11 (/opt/ros/humble/share/ament_lint_auto/cmake)
-- Added test 'cppcheck' to perform static code analysis on C / C++ code
-- Configured cppcheck include dirs: 
-- Configured cppcheck exclude dirs and/or files: 
-- Added test 'flake8' to check Python code syntax and style conventions
-- Added test 'lint_cmake' to check CMake code style
-- Added test 'pep257' to check Python code against some of the docstring style conventions in PEP 257
-- Added test 'uncrustify' to check C / C++ code style
-- Configured uncrustify additional arguments: 
-- Added test 'xmllint' to check XML markup files
-- Configuring done
-- Generating done
-- Build files have been written to: /home/lanqi/ros2_learning/colcon_ws/build/cpp_a_follow_turtle_pkg
[35m[1mConsolidate compiler generated dependencies of target turtle_pub[0m
[35m[1mConsolidate compiler generated dependencies of target turtle_spawner[0m
[ 16%] [32m[1mLinking CXX executable turtle_pub[0m
[ 33%] [32mBuilding CXX object CMakeFiles/turtle2_controller.dir/src/turtle2_controller.cpp.o[0m
[ 50%] [32m[1mLinking CXX executable turtle_spawner[0m
[ 66%] Built target turtle_spawner
[ 83%] Built target turtle_pub
[100%] [32m[1mLinking CXX executable turtle2_controller[0m
[100%] Built target turtle2_controller
-- Install configuration: ""
-- Installing: /home/lanqi/ros2_learning/colcon_ws/install/cpp_a_follow_turtle_pkg/lib/cpp_a_follow_turtle_pkg/turtle_spawner
-- Set runtime path of "/home/lanqi/ros2_learning/colcon_ws/install/cpp_a_follow_turtle_pkg/lib/cpp_a_follow_turtle_pkg/turtle_spawner" to ""
-- Installing: /home/lanqi/ros2_learning/colcon_ws/install/cpp_a_follow_turtle_pkg/lib/cpp_a_follow_turtle_pkg/turtle_pub
-- Set runtime path of "/home/lanqi/ros2_learning/colcon_ws/install/cpp_a_follow_turtle_pkg/lib/cpp_a_follow_turtle_pkg/turtle_pub" to ""
-- Installing: /home/lanqi/ros2_learning/colcon_ws/install/cpp_a_follow_turtle_pkg/lib/cpp_a_follow_turtle_pkg/turtle2_controller
-- Set runtime path of "/home/lanqi/ros2_learning/colcon_ws/install/cpp_a_follow_turtle_pkg/lib/cpp_a_follow_turtle_pkg/turtle2_controller" to ""
-- Installing: /home/lanqi/ros2_learning/colcon_ws/install/cpp_a_follow_turtle_pkg/share/cpp_a_follow_turtle_pkg//launch
-- Installing: /home/lanqi/ros2_learning/colcon_ws/install/cpp_a_follow_turtle_pkg/share/cpp_a_follow_turtle_pkg//launch/follow_turtle.launch.py
-- Up-to-date: /home/lanqi/ros2_learning/colcon_ws/install/cpp_a_follow_turtle_pkg/share/ament_index/resource_index/package_run_dependencies/cpp_a_follow_turtle_pkg
-- Up-to-date: /home/lanqi/ros2_learning/colcon_ws/install/cpp_a_follow_turtle_pkg/share/ament_index/resource_index/parent_prefix_path/cpp_a_follow_turtle_pkg
-- Up-to-date: /home/lanqi/ros2_learning/colcon_ws/install/cpp_a_follow_turtle_pkg/share/cpp_a_follow_turtle_pkg/environment/ament_prefix_path.sh
-- Installing: /home/lanqi/ros2_learning/colcon_ws/install/cpp_a_follow_turtle_pkg/share/cpp_a_follow_turtle_pkg/environment/ament_prefix_path.dsv
-- Up-to-date: /home/lanqi/ros2_learning/colcon_ws/install/cpp_a_follow_turtle_pkg/share/cpp_a_follow_turtle_pkg/environment/path.sh
-- Installing: /home/lanqi/ros2_learning/colcon_ws/install/cpp_a_follow_turtle_pkg/share/cpp_a_follow_turtle_pkg/environment/path.dsv
-- Up-to-date: /home/lanqi/ros2_learning/colcon_ws/install/cpp_a_follow_turtle_pkg/share/cpp_a_follow_turtle_pkg/local_setup.bash
-- Up-to-date: /home/lanqi/ros2_learning/colcon_ws/install/cpp_a_follow_turtle_pkg/share/cpp_a_follow_turtle_pkg/local_setup.sh
-- Up-to-date: /home/lanqi/ros2_learning/colcon_ws/install/cpp_a_follow_turtle_pkg/share/cpp_a_follow_turtle_pkg/local_setup.zsh
-- Installing: /home/lanqi/ros2_learning/colcon_ws/install/cpp_a_follow_turtle_pkg/share/cpp_a_follow_turtle_pkg/local_setup.dsv
-- Installing: /home/lanqi/ros2_learning/colcon_ws/install/cpp_a_follow_turtle_pkg/share/cpp_a_follow_turtle_pkg/package.dsv
-- Up-to-date: /home/lanqi/ros2_learning/colcon_ws/install/cpp_a_follow_turtle_pkg/share/ament_index/resource_index/packages/cpp_a_follow_turtle_pkg
-- Up-to-date: /home/lanqi/ros2_learning/colcon_ws/install/cpp_a_follow_turtle_pkg/share/cpp_a_follow_turtle_pkg/cmake/cpp_a_follow_turtle_pkgConfig.cmake
-- Up-to-date: /home/lanqi/ros2_learning/colcon_ws/install/cpp_a_follow_turtle_pkg/share/cpp_a_follow_turtle_pkg/cmake/cpp_a_follow_turtle_pkgConfig-version.cmake
-- Up-to-date: /home/lanqi/ros2_learning/colcon_ws/install/cpp_a_follow_turtle_pkg/share/cpp_a_follow_turtle_pkg/package.xml
