[0.021s] Invoking command in '/home/lanqi/ros2_learning/colcon_ws/build/cpp_a_follow_turtle_pkg': CMAKE_PREFIX_PATH=/opt/ros/humble /usr/bin/cmake --build /home/lanqi/ros2_learning/colcon_ws/build/cpp_a_follow_turtle_pkg -- -j4 -l4
[0.073s] -- Found ament_cmake: 1.3.11 (/opt/ros/humble/share/ament_cmake/cmake)
[0.258s] -- Found rclcpp: 16.0.11 (/opt/ros/humble/share/rclcpp/cmake)
[0.305s] -- Found rosidl_generator_c: 3.1.6 (/opt/ros/humble/share/rosidl_generator_c/cmake)
[0.308s] -- Found rosidl_adapter: 3.1.6 (/opt/ros/humble/share/rosidl_adapter/cmake)
[0.318s] -- Found rosidl_generator_cpp: 3.1.6 (/opt/ros/humble/share/rosidl_generator_cpp/cmake)
[0.332s] -- Using all available rosidl_typesupport_c: rosidl_typesupport_fastrtps_c;rosidl_typesupport_introspection_c
[0.350s] -- Using all available rosidl_typesupport_cpp: rosidl_typesupport_fastrtps_cpp;rosidl_typesupport_introspection_cpp
[0.397s] -- Found rmw_implementation_cmake: 6.1.2 (/opt/ros/humble/share/rmw_implementation_cmake/cmake)
[0.399s] -- Found rmw_fastrtps_cpp: 6.2.7 (/opt/ros/humble/share/rmw_fastrtps_cpp/cmake)
[0.566s] -- Using RMW implementation 'rmw_fastrtps_cpp' as default
[0.637s] -- Found tf2: 0.25.11 (/opt/ros/humble/share/tf2/cmake)
[0.664s] -- Found tf2_ros: 0.25.11 (/opt/ros/humble/share/tf2_ros/cmake)
[0.769s] -- Found tf2_geometry_msgs: 0.25.11 (/opt/ros/humble/share/tf2_geometry_msgs/cmake)
[0.773s] -- Found eigen3_cmake_module: 0.1.1 (/opt/ros/humble/share/eigen3_cmake_module/cmake)
[0.777s] -- Ensuring Eigen3 include directory is part of orocos-kdl CMake target
[0.777s] -- Found turtlesim: 1.4.2 (/opt/ros/humble/share/turtlesim/cmake)
[0.796s] -- Found ament_lint_auto: 0.12.11 (/opt/ros/humble/share/ament_lint_auto/cmake)
[0.895s] -- Added test 'cppcheck' to perform static code analysis on C / C++ code
[0.896s] -- Configured cppcheck include dirs: 
[0.896s] -- Configured cppcheck exclude dirs and/or files: 
[0.896s] -- Added test 'flake8' to check Python code syntax and style conventions
[0.897s] -- Added test 'lint_cmake' to check CMake code style
[0.897s] -- Added test 'pep257' to check Python code against some of the docstring style conventions in PEP 257
[0.899s] -- Added test 'uncrustify' to check C / C++ code style
[0.899s] -- Configured uncrustify additional arguments: 
[0.899s] -- Added test 'xmllint' to check XML markup files
[0.901s] -- Configuring done
[0.951s] -- Generating done
[0.968s] -- Build files have been written to: /home/lanqi/ros2_learning/colcon_ws/build/cpp_a_follow_turtle_pkg
[1.023s] [35m[1mConsolidate compiler generated dependencies of target turtle_pub[0m
[1.024s] [35m[1mConsolidate compiler generated dependencies of target turtle_spawner[0m
[1.058s] [ 16%] [32m[1mLinking CXX executable turtle_pub[0m
[1.064s] [ 33%] [32mBuilding CXX object CMakeFiles/turtle2_controller.dir/src/turtle2_controller.cpp.o[0m
[1.089s] [ 50%] [32m[1mLinking CXX executable turtle_spawner[0m
[1.407s] [ 66%] Built target turtle_spawner
[1.698s] [ 83%] Built target turtle_pub
[10.650s] [100%] [32m[1mLinking CXX executable turtle2_controller[0m
[10.963s] [100%] Built target turtle2_controller
[10.985s] Invoked command in '/home/lanqi/ros2_learning/colcon_ws/build/cpp_a_follow_turtle_pkg' returned '0': CMAKE_PREFIX_PATH=/opt/ros/humble /usr/bin/cmake --build /home/lanqi/ros2_learning/colcon_ws/build/cpp_a_follow_turtle_pkg -- -j4 -l4
[11.004s] Invoking command in '/home/lanqi/ros2_learning/colcon_ws/build/cpp_a_follow_turtle_pkg': CMAKE_PREFIX_PATH=/opt/ros/humble /usr/bin/cmake --install /home/lanqi/ros2_learning/colcon_ws/build/cpp_a_follow_turtle_pkg
[11.017s] -- Install configuration: ""
[11.017s] -- Installing: /home/lanqi/ros2_learning/colcon_ws/install/cpp_a_follow_turtle_pkg/lib/cpp_a_follow_turtle_pkg/turtle_spawner
[11.021s] -- Set runtime path of "/home/lanqi/ros2_learning/colcon_ws/install/cpp_a_follow_turtle_pkg/lib/cpp_a_follow_turtle_pkg/turtle_spawner" to ""
[11.021s] -- Installing: /home/lanqi/ros2_learning/colcon_ws/install/cpp_a_follow_turtle_pkg/lib/cpp_a_follow_turtle_pkg/turtle_pub
[11.026s] -- Set runtime path of "/home/lanqi/ros2_learning/colcon_ws/install/cpp_a_follow_turtle_pkg/lib/cpp_a_follow_turtle_pkg/turtle_pub" to ""
[11.026s] -- Installing: /home/lanqi/ros2_learning/colcon_ws/install/cpp_a_follow_turtle_pkg/lib/cpp_a_follow_turtle_pkg/turtle2_controller
[11.029s] -- Set runtime path of "/home/lanqi/ros2_learning/colcon_ws/install/cpp_a_follow_turtle_pkg/lib/cpp_a_follow_turtle_pkg/turtle2_controller" to ""
[11.030s] -- Installing: /home/lanqi/ros2_learning/colcon_ws/install/cpp_a_follow_turtle_pkg/share/cpp_a_follow_turtle_pkg//launch
[11.030s] -- Installing: /home/lanqi/ros2_learning/colcon_ws/install/cpp_a_follow_turtle_pkg/share/cpp_a_follow_turtle_pkg//launch/follow_turtle.launch.py
[11.030s] -- Up-to-date: /home/lanqi/ros2_learning/colcon_ws/install/cpp_a_follow_turtle_pkg/share/ament_index/resource_index/package_run_dependencies/cpp_a_follow_turtle_pkg
[11.031s] -- Up-to-date: /home/lanqi/ros2_learning/colcon_ws/install/cpp_a_follow_turtle_pkg/share/ament_index/resource_index/parent_prefix_path/cpp_a_follow_turtle_pkg
[11.031s] -- Up-to-date: /home/lanqi/ros2_learning/colcon_ws/install/cpp_a_follow_turtle_pkg/share/cpp_a_follow_turtle_pkg/environment/ament_prefix_path.sh
[11.031s] -- Installing: /home/lanqi/ros2_learning/colcon_ws/install/cpp_a_follow_turtle_pkg/share/cpp_a_follow_turtle_pkg/environment/ament_prefix_path.dsv
[11.031s] -- Up-to-date: /home/lanqi/ros2_learning/colcon_ws/install/cpp_a_follow_turtle_pkg/share/cpp_a_follow_turtle_pkg/environment/path.sh
[11.031s] -- Installing: /home/lanqi/ros2_learning/colcon_ws/install/cpp_a_follow_turtle_pkg/share/cpp_a_follow_turtle_pkg/environment/path.dsv
[11.031s] -- Up-to-date: /home/lanqi/ros2_learning/colcon_ws/install/cpp_a_follow_turtle_pkg/share/cpp_a_follow_turtle_pkg/local_setup.bash
[11.031s] -- Up-to-date: /home/lanqi/ros2_learning/colcon_ws/install/cpp_a_follow_turtle_pkg/share/cpp_a_follow_turtle_pkg/local_setup.sh
[11.031s] -- Up-to-date: /home/lanqi/ros2_learning/colcon_ws/install/cpp_a_follow_turtle_pkg/share/cpp_a_follow_turtle_pkg/local_setup.zsh
[11.031s] -- Installing: /home/lanqi/ros2_learning/colcon_ws/install/cpp_a_follow_turtle_pkg/share/cpp_a_follow_turtle_pkg/local_setup.dsv
[11.032s] -- Installing: /home/lanqi/ros2_learning/colcon_ws/install/cpp_a_follow_turtle_pkg/share/cpp_a_follow_turtle_pkg/package.dsv
[11.032s] -- Up-to-date: /home/lanqi/ros2_learning/colcon_ws/install/cpp_a_follow_turtle_pkg/share/ament_index/resource_index/packages/cpp_a_follow_turtle_pkg
[11.032s] -- Up-to-date: /home/lanqi/ros2_learning/colcon_ws/install/cpp_a_follow_turtle_pkg/share/cpp_a_follow_turtle_pkg/cmake/cpp_a_follow_turtle_pkgConfig.cmake
[11.032s] -- Up-to-date: /home/lanqi/ros2_learning/colcon_ws/install/cpp_a_follow_turtle_pkg/share/cpp_a_follow_turtle_pkg/cmake/cpp_a_follow_turtle_pkgConfig-version.cmake
[11.032s] -- Up-to-date: /home/lanqi/ros2_learning/colcon_ws/install/cpp_a_follow_turtle_pkg/share/cpp_a_follow_turtle_pkg/package.xml
[11.037s] Invoked command in '/home/lanqi/ros2_learning/colcon_ws/build/cpp_a_follow_turtle_pkg' returned '0': CMAKE_PREFIX_PATH=/opt/ros/humble /usr/bin/cmake --install /home/lanqi/ros2_learning/colcon_ws/build/cpp_a_follow_turtle_pkg
