[0.141s] DEBUG:colcon:Command line arguments: ['/usr/bin/colcon', 'build']
[0.141s] DEBUG:colcon:Parsed command line arguments: Namespace(log_base=None, log_level=None, verb_name='build', build_base='build', install_base='install', merge_install=False, symlink_install=False, test_result_base=None, continue_on_error=False, executor='parallel', parallel_workers=4, event_handlers=None, ignore_user_meta=False, metas=['./colcon.meta'], base_paths=['.'], packages_ignore=None, packages_ignore_regex=None, paths=None, packages_up_to=None, packages_up_to_regex=None, packages_above=None, packages_above_and_dependencies=None, packages_above_depth=None, packages_select_by_dep=None, packages_skip_by_dep=None, packages_skip_up_to=None, packages_select_build_failed=False, packages_skip_build_finished=False, packages_select_test_failures=False, packages_skip_test_passed=False, packages_select=None, packages_skip=None, packages_select_regex=None, packages_skip_regex=None, packages_start=None, packages_end=None, allow_overriding=[], cmake_args=None, cmake_target=None, cmake_target_skip_unavailable=False, cmake_clean_cache=False, cmake_clean_first=False, cmake_force_configure=False, ament_cmake_args=None, catkin_cmake_args=None, catkin_skip_building_tests=False, verb_parser=<colcon_defaults.argument_parser.defaults.DefaultArgumentsDecorator object at 0x723ef7f4b9d0>, verb_extension=<colcon_core.verb.build.BuildVerb object at 0x723ef7f4b580>, main=<bound method BuildVerb.main of <colcon_core.verb.build.BuildVerb object at 0x723ef7f4b580>>)
[0.423s] Level 1:colcon.colcon_core.package_discovery:discover_packages(colcon_meta) check parameters
[0.423s] Level 1:colcon.colcon_core.package_discovery:discover_packages(recursive) check parameters
[0.423s] Level 1:colcon.colcon_core.package_discovery:discover_packages(ignore) check parameters
[0.423s] Level 1:colcon.colcon_core.package_discovery:discover_packages(path) check parameters
[0.423s] Level 1:colcon.colcon_core.package_discovery:discover_packages(colcon_meta) discover
[0.423s] Level 1:colcon.colcon_core.package_discovery:discover_packages(recursive) discover
[0.423s] INFO:colcon.colcon_core.package_discovery:Crawling recursively for packages in '/home/lanqi/ros2_learning/colcon_ws'
[0.424s] Level 1:colcon.colcon_core.package_identification:_identify(.) by extensions ['ignore', 'ignore_ament_install']
[0.424s] Level 1:colcon.colcon_core.package_identification:_identify(.) by extension 'ignore'
[0.424s] Level 1:colcon.colcon_core.package_identification:_identify(.) by extension 'ignore_ament_install'
[0.424s] Level 1:colcon.colcon_core.package_identification:_identify(.) by extensions ['colcon_pkg']
[0.424s] Level 1:colcon.colcon_core.package_identification:_identify(.) by extension 'colcon_pkg'
[0.424s] Level 1:colcon.colcon_core.package_identification:_identify(.) by extensions ['colcon_meta']
[0.424s] Level 1:colcon.colcon_core.package_identification:_identify(.) by extension 'colcon_meta'
[0.424s] Level 1:colcon.colcon_core.package_identification:_identify(.) by extensions ['ros']
[0.424s] Level 1:colcon.colcon_core.package_identification:_identify(.) by extension 'ros'
[0.458s] Level 1:colcon.colcon_core.package_identification:_identify(.) by extensions ['cmake', 'python']
[0.458s] Level 1:colcon.colcon_core.package_identification:_identify(.) by extension 'cmake'
[0.458s] Level 1:colcon.colcon_core.package_identification:_identify(.) by extension 'python'
[0.458s] Level 1:colcon.colcon_core.package_identification:_identify(.) by extensions ['python_setup_py']
[0.458s] Level 1:colcon.colcon_core.package_identification:_identify(.) by extension 'python_setup_py'
[0.458s] Level 1:colcon.colcon_core.package_identification:_identify(build) by extensions ['ignore', 'ignore_ament_install']
[0.459s] Level 1:colcon.colcon_core.package_identification:_identify(build) by extension 'ignore'
[0.459s] Level 1:colcon.colcon_core.package_identification:_identify(build) ignored
[0.459s] Level 1:colcon.colcon_core.package_identification:_identify(install) by extensions ['ignore', 'ignore_ament_install']
[0.459s] Level 1:colcon.colcon_core.package_identification:_identify(install) by extension 'ignore'
[0.459s] Level 1:colcon.colcon_core.package_identification:_identify(install) ignored
[0.459s] Level 1:colcon.colcon_core.package_identification:_identify(log) by extensions ['ignore', 'ignore_ament_install']
[0.459s] Level 1:colcon.colcon_core.package_identification:_identify(log) by extension 'ignore'
[0.459s] Level 1:colcon.colcon_core.package_identification:_identify(log) ignored
[0.459s] Level 1:colcon.colcon_core.package_identification:_identify(src) by extensions ['ignore', 'ignore_ament_install']
[0.460s] Level 1:colcon.colcon_core.package_identification:_identify(src) by extension 'ignore'
[0.460s] Level 1:colcon.colcon_core.package_identification:_identify(src) by extension 'ignore_ament_install'
[0.460s] Level 1:colcon.colcon_core.package_identification:_identify(src) by extensions ['colcon_pkg']
[0.460s] Level 1:colcon.colcon_core.package_identification:_identify(src) by extension 'colcon_pkg'
[0.460s] Level 1:colcon.colcon_core.package_identification:_identify(src) by extensions ['colcon_meta']
[0.460s] Level 1:colcon.colcon_core.package_identification:_identify(src) by extension 'colcon_meta'
[0.460s] Level 1:colcon.colcon_core.package_identification:_identify(src) by extensions ['ros']
[0.460s] Level 1:colcon.colcon_core.package_identification:_identify(src) by extension 'ros'
[0.460s] Level 1:colcon.colcon_core.package_identification:_identify(src) by extensions ['cmake', 'python']
[0.460s] Level 1:colcon.colcon_core.package_identification:_identify(src) by extension 'cmake'
[0.460s] Level 1:colcon.colcon_core.package_identification:_identify(src) by extension 'python'
[0.460s] Level 1:colcon.colcon_core.package_identification:_identify(src) by extensions ['python_setup_py']
[0.460s] Level 1:colcon.colcon_core.package_identification:_identify(src) by extension 'python_setup_py'
[0.460s] Level 1:colcon.colcon_core.package_identification:_identify(src/cpp_a_follow_turtle_pkg) by extensions ['ignore', 'ignore_ament_install']
[0.460s] Level 1:colcon.colcon_core.package_identification:_identify(src/cpp_a_follow_turtle_pkg) by extension 'ignore'
[0.460s] Level 1:colcon.colcon_core.package_identification:_identify(src/cpp_a_follow_turtle_pkg) by extension 'ignore_ament_install'
[0.461s] Level 1:colcon.colcon_core.package_identification:_identify(src/cpp_a_follow_turtle_pkg) by extensions ['colcon_pkg']
[0.461s] Level 1:colcon.colcon_core.package_identification:_identify(src/cpp_a_follow_turtle_pkg) by extension 'colcon_pkg'
[0.461s] Level 1:colcon.colcon_core.package_identification:_identify(src/cpp_a_follow_turtle_pkg) by extensions ['colcon_meta']
[0.461s] Level 1:colcon.colcon_core.package_identification:_identify(src/cpp_a_follow_turtle_pkg) by extension 'colcon_meta'
[0.461s] Level 1:colcon.colcon_core.package_identification:_identify(src/cpp_a_follow_turtle_pkg) by extensions ['ros']
[0.461s] Level 1:colcon.colcon_core.package_identification:_identify(src/cpp_a_follow_turtle_pkg) by extension 'ros'
[0.466s] DEBUG:colcon.colcon_core.package_identification:Package 'src/cpp_a_follow_turtle_pkg' with type 'ros.ament_cmake' and name 'cpp_a_follow_turtle_pkg'
[0.466s] Level 1:colcon.colcon_core.package_discovery:discover_packages(recursive) using defaults
[0.466s] Level 1:colcon.colcon_core.package_discovery:discover_packages(ignore) discover
[0.466s] Level 1:colcon.colcon_core.package_discovery:discover_packages(ignore) using defaults
[0.466s] Level 1:colcon.colcon_core.package_discovery:discover_packages(path) discover
[0.466s] Level 1:colcon.colcon_core.package_discovery:discover_packages(path) using defaults
[0.512s] Level 1:colcon.colcon_core.package_discovery:discover_packages(prefix_path) check parameters
[0.512s] Level 1:colcon.colcon_core.package_discovery:discover_packages(prefix_path) discover
[0.517s] DEBUG:colcon.colcon_installed_package_information.package_discovery:Found 271 installed packages in /opt/ros/humble
[0.530s] Level 1:colcon.colcon_core.package_discovery:discover_packages(prefix_path) using defaults
[0.598s] Level 5:colcon.colcon_core.verb:set package 'cpp_a_follow_turtle_pkg' build argument 'cmake_args' from command line to 'None'
[0.598s] Level 5:colcon.colcon_core.verb:set package 'cpp_a_follow_turtle_pkg' build argument 'cmake_target' from command line to 'None'
[0.598s] Level 5:colcon.colcon_core.verb:set package 'cpp_a_follow_turtle_pkg' build argument 'cmake_target_skip_unavailable' from command line to 'False'
[0.598s] Level 5:colcon.colcon_core.verb:set package 'cpp_a_follow_turtle_pkg' build argument 'cmake_clean_cache' from command line to 'False'
[0.598s] Level 5:colcon.colcon_core.verb:set package 'cpp_a_follow_turtle_pkg' build argument 'cmake_clean_first' from command line to 'False'
[0.598s] Level 5:colcon.colcon_core.verb:set package 'cpp_a_follow_turtle_pkg' build argument 'cmake_force_configure' from command line to 'False'
[0.598s] Level 5:colcon.colcon_core.verb:set package 'cpp_a_follow_turtle_pkg' build argument 'ament_cmake_args' from command line to 'None'
[0.598s] Level 5:colcon.colcon_core.verb:set package 'cpp_a_follow_turtle_pkg' build argument 'catkin_cmake_args' from command line to 'None'
[0.598s] Level 5:colcon.colcon_core.verb:set package 'cpp_a_follow_turtle_pkg' build argument 'catkin_skip_building_tests' from command line to 'False'
[0.598s] DEBUG:colcon.colcon_core.verb:Building package 'cpp_a_follow_turtle_pkg' with the following arguments: {'ament_cmake_args': None, 'build_base': '/home/lanqi/ros2_learning/colcon_ws/build/cpp_a_follow_turtle_pkg', 'catkin_cmake_args': None, 'catkin_skip_building_tests': False, 'cmake_args': None, 'cmake_clean_cache': False, 'cmake_clean_first': False, 'cmake_force_configure': False, 'cmake_target': None, 'cmake_target_skip_unavailable': False, 'install_base': '/home/lanqi/ros2_learning/colcon_ws/install/cpp_a_follow_turtle_pkg', 'merge_install': False, 'path': '/home/lanqi/ros2_learning/colcon_ws/src/cpp_a_follow_turtle_pkg', 'symlink_install': False, 'test_result_base': None}
[0.598s] INFO:colcon.colcon_core.executor:Executing jobs using 'parallel' executor
[0.600s] DEBUG:colcon.colcon_parallel_executor.executor.parallel:run_until_complete
[0.600s] INFO:colcon.colcon_ros.task.ament_cmake.build:Building ROS package in '/home/lanqi/ros2_learning/colcon_ws/src/cpp_a_follow_turtle_pkg' with build type 'ament_cmake'
[0.600s] INFO:colcon.colcon_cmake.task.cmake.build:Building CMake package in '/home/lanqi/ros2_learning/colcon_ws/src/cpp_a_follow_turtle_pkg'
[0.604s] INFO:colcon.colcon_core.plugin_system:Skipping extension 'colcon_core.shell.bat': Not used on non-Windows systems
[0.604s] INFO:colcon.colcon_core.shell:Skip shell extension 'powershell' for command environment: Not usable outside of PowerShell
[0.604s] DEBUG:colcon.colcon_core.shell:Skip shell extension 'dsv' for command environment
[0.615s] DEBUG:colcon.colcon_core.event_handler.log_command:Invoking command in '/home/lanqi/ros2_learning/colcon_ws/build/cpp_a_follow_turtle_pkg': CMAKE_PREFIX_PATH=/opt/ros/humble /usr/bin/cmake /home/lanqi/ros2_learning/colcon_ws/src/cpp_a_follow_turtle_pkg -DCMAKE_INSTALL_PREFIX=/home/lanqi/ros2_learning/colcon_ws/install/cpp_a_follow_turtle_pkg
[2.762s] DEBUG:colcon.colcon_core.event_handler.log_command:Invoked command in '/home/lanqi/ros2_learning/colcon_ws/build/cpp_a_follow_turtle_pkg' returned '0': CMAKE_PREFIX_PATH=/opt/ros/humble /usr/bin/cmake /home/lanqi/ros2_learning/colcon_ws/src/cpp_a_follow_turtle_pkg -DCMAKE_INSTALL_PREFIX=/home/lanqi/ros2_learning/colcon_ws/install/cpp_a_follow_turtle_pkg
[2.762s] DEBUG:colcon.colcon_core.event_handler.log_command:Invoking command in '/home/lanqi/ros2_learning/colcon_ws/build/cpp_a_follow_turtle_pkg': CMAKE_PREFIX_PATH=/opt/ros/humble /usr/bin/cmake --build /home/lanqi/ros2_learning/colcon_ws/build/cpp_a_follow_turtle_pkg -- -j4 -l4
[22.399s] DEBUG:colcon.colcon_core.event_handler.log_command:Invoked command in '/home/lanqi/ros2_learning/colcon_ws/build/cpp_a_follow_turtle_pkg' returned '0': CMAKE_PREFIX_PATH=/opt/ros/humble /usr/bin/cmake --build /home/lanqi/ros2_learning/colcon_ws/build/cpp_a_follow_turtle_pkg -- -j4 -l4
[22.475s] DEBUG:colcon.colcon_core.event_handler.log_command:Invoking command in '/home/lanqi/ros2_learning/colcon_ws/build/cpp_a_follow_turtle_pkg': CMAKE_PREFIX_PATH=/opt/ros/humble /usr/bin/cmake --install /home/lanqi/ros2_learning/colcon_ws/build/cpp_a_follow_turtle_pkg
[22.515s] Level 1:colcon.colcon_core.environment:create_environment_scripts_only(cpp_a_follow_turtle_pkg)
[22.524s] DEBUG:colcon.colcon_core.event_handler.log_command:Invoked command in '/home/lanqi/ros2_learning/colcon_ws/build/cpp_a_follow_turtle_pkg' returned '0': CMAKE_PREFIX_PATH=/opt/ros/humble /usr/bin/cmake --install /home/lanqi/ros2_learning/colcon_ws/build/cpp_a_follow_turtle_pkg
[22.548s] Level 1:colcon.colcon_core.environment:checking '/home/lanqi/ros2_learning/colcon_ws/install/cpp_a_follow_turtle_pkg' for CMake module files
[22.549s] Level 1:colcon.colcon_core.environment:checking '/home/lanqi/ros2_learning/colcon_ws/install/cpp_a_follow_turtle_pkg' for CMake config files
[22.551s] Level 1:colcon.colcon_core.shell:create_environment_hook('cpp_a_follow_turtle_pkg', 'cmake_prefix_path')
[22.553s] INFO:colcon.colcon_core.shell:Creating environment hook '/home/lanqi/ros2_learning/colcon_ws/install/cpp_a_follow_turtle_pkg/share/cpp_a_follow_turtle_pkg/hook/cmake_prefix_path.ps1'
[22.561s] INFO:colcon.colcon_core.shell:Creating environment descriptor '/home/lanqi/ros2_learning/colcon_ws/install/cpp_a_follow_turtle_pkg/share/cpp_a_follow_turtle_pkg/hook/cmake_prefix_path.dsv'
[22.563s] INFO:colcon.colcon_core.shell:Creating environment hook '/home/lanqi/ros2_learning/colcon_ws/install/cpp_a_follow_turtle_pkg/share/cpp_a_follow_turtle_pkg/hook/cmake_prefix_path.sh'
[22.566s] Level 1:colcon.colcon_core.environment:checking '/home/lanqi/ros2_learning/colcon_ws/install/cpp_a_follow_turtle_pkg/bin'
[22.566s] Level 1:colcon.colcon_core.environment:checking '/home/lanqi/ros2_learning/colcon_ws/install/cpp_a_follow_turtle_pkg/lib/pkgconfig/cpp_a_follow_turtle_pkg.pc'
[22.570s] Level 1:colcon.colcon_core.environment:checking '/home/lanqi/ros2_learning/colcon_ws/install/cpp_a_follow_turtle_pkg/lib/python3.10/site-packages'
[22.570s] Level 1:colcon.colcon_core.environment:checking '/home/lanqi/ros2_learning/colcon_ws/install/cpp_a_follow_turtle_pkg/bin'
[22.571s] INFO:colcon.colcon_core.shell:Creating package script '/home/lanqi/ros2_learning/colcon_ws/install/cpp_a_follow_turtle_pkg/share/cpp_a_follow_turtle_pkg/package.ps1'
[22.574s] INFO:colcon.colcon_core.shell:Creating package descriptor '/home/lanqi/ros2_learning/colcon_ws/install/cpp_a_follow_turtle_pkg/share/cpp_a_follow_turtle_pkg/package.dsv'
[22.576s] INFO:colcon.colcon_core.shell:Creating package script '/home/lanqi/ros2_learning/colcon_ws/install/cpp_a_follow_turtle_pkg/share/cpp_a_follow_turtle_pkg/package.sh'
[22.578s] INFO:colcon.colcon_core.shell:Creating package script '/home/lanqi/ros2_learning/colcon_ws/install/cpp_a_follow_turtle_pkg/share/cpp_a_follow_turtle_pkg/package.bash'
[22.580s] INFO:colcon.colcon_core.shell:Creating package script '/home/lanqi/ros2_learning/colcon_ws/install/cpp_a_follow_turtle_pkg/share/cpp_a_follow_turtle_pkg/package.zsh'
[22.582s] Level 1:colcon.colcon_core.environment:create_file_with_runtime_dependencies(/home/lanqi/ros2_learning/colcon_ws/install/cpp_a_follow_turtle_pkg/share/colcon-core/packages/cpp_a_follow_turtle_pkg)
[22.588s] Level 1:colcon.colcon_core.environment:create_environment_scripts_only(cpp_a_follow_turtle_pkg)
[22.588s] Level 1:colcon.colcon_core.environment:checking '/home/lanqi/ros2_learning/colcon_ws/install/cpp_a_follow_turtle_pkg' for CMake module files
[22.588s] Level 1:colcon.colcon_core.environment:checking '/home/lanqi/ros2_learning/colcon_ws/install/cpp_a_follow_turtle_pkg' for CMake config files
[22.589s] Level 1:colcon.colcon_core.shell:create_environment_hook('cpp_a_follow_turtle_pkg', 'cmake_prefix_path')
[22.589s] INFO:colcon.colcon_core.shell:Creating environment hook '/home/lanqi/ros2_learning/colcon_ws/install/cpp_a_follow_turtle_pkg/share/cpp_a_follow_turtle_pkg/hook/cmake_prefix_path.ps1'
[22.590s] INFO:colcon.colcon_core.shell:Creating environment descriptor '/home/lanqi/ros2_learning/colcon_ws/install/cpp_a_follow_turtle_pkg/share/cpp_a_follow_turtle_pkg/hook/cmake_prefix_path.dsv'
[22.591s] INFO:colcon.colcon_core.shell:Creating environment hook '/home/lanqi/ros2_learning/colcon_ws/install/cpp_a_follow_turtle_pkg/share/cpp_a_follow_turtle_pkg/hook/cmake_prefix_path.sh'
[22.592s] Level 1:colcon.colcon_core.environment:checking '/home/lanqi/ros2_learning/colcon_ws/install/cpp_a_follow_turtle_pkg/bin'
[22.592s] Level 1:colcon.colcon_core.environment:checking '/home/lanqi/ros2_learning/colcon_ws/install/cpp_a_follow_turtle_pkg/lib/pkgconfig/cpp_a_follow_turtle_pkg.pc'
[22.593s] Level 1:colcon.colcon_core.environment:checking '/home/lanqi/ros2_learning/colcon_ws/install/cpp_a_follow_turtle_pkg/lib/python3.10/site-packages'
[22.593s] Level 1:colcon.colcon_core.environment:checking '/home/lanqi/ros2_learning/colcon_ws/install/cpp_a_follow_turtle_pkg/bin'
[22.593s] INFO:colcon.colcon_core.shell:Creating package script '/home/lanqi/ros2_learning/colcon_ws/install/cpp_a_follow_turtle_pkg/share/cpp_a_follow_turtle_pkg/package.ps1'
[22.594s] INFO:colcon.colcon_core.shell:Creating package descriptor '/home/lanqi/ros2_learning/colcon_ws/install/cpp_a_follow_turtle_pkg/share/cpp_a_follow_turtle_pkg/package.dsv'
[22.595s] INFO:colcon.colcon_core.shell:Creating package script '/home/lanqi/ros2_learning/colcon_ws/install/cpp_a_follow_turtle_pkg/share/cpp_a_follow_turtle_pkg/package.sh'
[22.596s] INFO:colcon.colcon_core.shell:Creating package script '/home/lanqi/ros2_learning/colcon_ws/install/cpp_a_follow_turtle_pkg/share/cpp_a_follow_turtle_pkg/package.bash'
[22.597s] INFO:colcon.colcon_core.shell:Creating package script '/home/lanqi/ros2_learning/colcon_ws/install/cpp_a_follow_turtle_pkg/share/cpp_a_follow_turtle_pkg/package.zsh'
[22.598s] Level 1:colcon.colcon_core.environment:create_file_with_runtime_dependencies(/home/lanqi/ros2_learning/colcon_ws/install/cpp_a_follow_turtle_pkg/share/colcon-core/packages/cpp_a_follow_turtle_pkg)
[22.600s] DEBUG:colcon.colcon_parallel_executor.executor.parallel:closing loop
[22.604s] DEBUG:colcon.colcon_parallel_executor.executor.parallel:loop closed
[22.604s] DEBUG:colcon.colcon_parallel_executor.executor.parallel:run_until_complete finished with '0'
[22.605s] DEBUG:colcon.colcon_core.event_reactor:joining thread
[22.652s] INFO:colcon.colcon_core.plugin_system:Skipping extension 'colcon_notification.desktop_notification.terminal_notifier': Not used on non-Darwin systems
[22.652s] INFO:colcon.colcon_core.plugin_system:Skipping extension 'colcon_notification.desktop_notification.win32': Not used on non-Windows systems
[22.652s] INFO:colcon.colcon_notification.desktop_notification:Sending desktop notification using 'notify2'
[22.818s] DEBUG:colcon.colcon_core.event_reactor:joined thread
[22.819s] INFO:colcon.colcon_core.shell:Creating prefix script '/home/lanqi/ros2_learning/colcon_ws/install/local_setup.ps1'
[22.821s] INFO:colcon.colcon_core.shell:Creating prefix util module '/home/lanqi/ros2_learning/colcon_ws/install/_local_setup_util_ps1.py'
[22.824s] INFO:colcon.colcon_core.shell:Creating prefix chain script '/home/lanqi/ros2_learning/colcon_ws/install/setup.ps1'
[22.826s] INFO:colcon.colcon_core.shell:Creating prefix script '/home/lanqi/ros2_learning/colcon_ws/install/local_setup.sh'
[22.828s] INFO:colcon.colcon_core.shell:Creating prefix util module '/home/lanqi/ros2_learning/colcon_ws/install/_local_setup_util_sh.py'
[22.829s] INFO:colcon.colcon_core.shell:Creating prefix chain script '/home/lanqi/ros2_learning/colcon_ws/install/setup.sh'
[22.831s] INFO:colcon.colcon_core.shell:Creating prefix script '/home/lanqi/ros2_learning/colcon_ws/install/local_setup.bash'
[22.832s] INFO:colcon.colcon_core.shell:Creating prefix chain script '/home/lanqi/ros2_learning/colcon_ws/install/setup.bash'
[22.834s] INFO:colcon.colcon_core.shell:Creating prefix script '/home/lanqi/ros2_learning/colcon_ws/install/local_setup.zsh'
[22.835s] INFO:colcon.colcon_core.shell:Creating prefix chain script '/home/lanqi/ros2_learning/colcon_ws/install/setup.zsh'
