[0.013s] Invoking command in '/home/lanqi/ros2_learning/colcon_ws/build/cpp_a_follow_turtle_pkg': CMAKE_PREFIX_PATH=/opt/ros/humble /usr/bin/cmake /home/lanqi/ros2_learning/colcon_ws/src/cpp_a_follow_turtle_pkg -DCMAKE_INSTALL_PREFIX=/home/lanqi/ros2_learning/colcon_ws/install/cpp_a_follow_turtle_pkg
[0.259s] -- The C compiler identification is GNU 11.4.0
[0.381s] -- The CXX compiler identification is GNU 11.4.0
[0.394s] -- Detecting C compiler ABI info
[0.513s] -- Detecting C compiler ABI info - done
[0.521s] -- Check for working C compiler: /usr/bin/cc - skipped
[0.522s] -- Detecting C compile features
[0.523s] -- Detecting C compile features - done
[0.528s] -- Detecting CXX compiler ABI info
[0.661s] -- Detecting CXX compiler ABI info - done
[0.668s] -- Check for working CXX compiler: /usr/bin/c++ - skipped
[0.668s] -- Detecting CXX compile features
[0.669s] -- Detecting CXX compile features - done
[0.672s] -- Found ament_cmake: 1.3.11 (/opt/ros/humble/share/ament_cmake/cmake)
[0.876s] -- Found Python3: /usr/bin/python3 (found version "3.10.12") found components: Interpreter 
[1.026s] -- Found rclcpp: 16.0.11 (/opt/ros/humble/share/rclcpp/cmake)
[1.075s] -- Found rosidl_generator_c: 3.1.6 (/opt/ros/humble/share/rosidl_generator_c/cmake)
[1.080s] -- Found rosidl_adapter: 3.1.6 (/opt/ros/humble/share/rosidl_adapter/cmake)
[1.090s] -- Found rosidl_generator_cpp: 3.1.6 (/opt/ros/humble/share/rosidl_generator_cpp/cmake)
[1.104s] -- Using all available rosidl_typesupport_c: rosidl_typesupport_fastrtps_c;rosidl_typesupport_introspection_c
[1.124s] -- Using all available rosidl_typesupport_cpp: rosidl_typesupport_fastrtps_cpp;rosidl_typesupport_introspection_cpp
[1.177s] -- Found rmw_implementation_cmake: 6.1.2 (/opt/ros/humble/share/rmw_implementation_cmake/cmake)
[1.179s] -- Found rmw_fastrtps_cpp: 6.2.7 (/opt/ros/humble/share/rmw_fastrtps_cpp/cmake)
[1.326s] -- Found OpenSSL: /usr/lib/x86_64-linux-gnu/libcrypto.so (found version "3.0.2")  
[1.369s] -- Found FastRTPS: /opt/ros/humble/include  
[1.437s] -- Using RMW implementation 'rmw_fastrtps_cpp' as default
[1.448s] -- Looking for pthread.h
[1.618s] -- Looking for pthread.h - found
[1.621s] -- Performing Test CMAKE_HAVE_LIBC_PTHREAD
[1.743s] -- Performing Test CMAKE_HAVE_LIBC_PTHREAD - Success
[1.743s] -- Found Threads: TRUE  
[1.802s] -- Found tf2: 0.25.11 (/opt/ros/humble/share/tf2/cmake)
[1.832s] -- Found tf2_ros: 0.25.11 (/opt/ros/humble/share/tf2_ros/cmake)
[1.936s] -- Found tf2_geometry_msgs: 0.25.11 (/opt/ros/humble/share/tf2_geometry_msgs/cmake)
[1.955s] -- Found eigen3_cmake_module: 0.1.1 (/opt/ros/humble/share/eigen3_cmake_module/cmake)
[1.956s] -- Found Eigen3: TRUE (found version "3.4.0") 
[1.956s] -- Ensuring Eigen3 include directory is part of orocos-kdl CMake target
[1.958s] -- Found turtlesim: 1.4.2 (/opt/ros/humble/share/turtlesim/cmake)
[1.975s] -- Found ament_lint_auto: 0.12.11 (/opt/ros/humble/share/ament_lint_auto/cmake)
[2.110s] -- Added test 'cppcheck' to perform static code analysis on C / C++ code
[2.111s] -- Configured cppcheck include dirs: 
[2.111s] -- Configured cppcheck exclude dirs and/or files: 
[2.111s] -- Added test 'lint_cmake' to check CMake code style
[2.113s] -- Added test 'uncrustify' to check C / C++ code style
[2.113s] -- Configured uncrustify additional arguments: 
[2.113s] -- Added test 'xmllint' to check XML markup files
[2.115s] -- Configuring done
[2.136s] -- Generating done
[2.143s] -- Build files have been written to: /home/lanqi/ros2_learning/colcon_ws/build/cpp_a_follow_turtle_pkg
[2.159s] Invoked command in '/home/lanqi/ros2_learning/colcon_ws/build/cpp_a_follow_turtle_pkg' returned '0': CMAKE_PREFIX_PATH=/opt/ros/humble /usr/bin/cmake /home/lanqi/ros2_learning/colcon_ws/src/cpp_a_follow_turtle_pkg -DCMAKE_INSTALL_PREFIX=/home/lanqi/ros2_learning/colcon_ws/install/cpp_a_follow_turtle_pkg
[2.160s] Invoking command in '/home/lanqi/ros2_learning/colcon_ws/build/cpp_a_follow_turtle_pkg': CMAKE_PREFIX_PATH=/opt/ros/humble /usr/bin/cmake --build /home/lanqi/ros2_learning/colcon_ws/build/cpp_a_follow_turtle_pkg -- -j4 -l4
[2.257s] [ 50%] [32mBuilding CXX object CMakeFiles/turtle_pub.dir/src/turtles_pose_pub.cpp.o[0m
[2.257s] [ 50%] [32mBuilding CXX object CMakeFiles/turtle_spawner.dir/src/new_turtle_spawner.cpp.o[0m
[12.002s] [ 75%] [32m[1mLinking CXX executable turtle_spawner[0m
[12.230s] [ 75%] Built target turtle_spawner
[20.575s] [100%] [32m[1mLinking CXX executable turtle_pub[0m
[21.693s] [100%] Built target turtle_pub
[21.794s] Invoked command in '/home/lanqi/ros2_learning/colcon_ws/build/cpp_a_follow_turtle_pkg' returned '0': CMAKE_PREFIX_PATH=/opt/ros/humble /usr/bin/cmake --build /home/lanqi/ros2_learning/colcon_ws/build/cpp_a_follow_turtle_pkg -- -j4 -l4
[21.872s] Invoking command in '/home/lanqi/ros2_learning/colcon_ws/build/cpp_a_follow_turtle_pkg': CMAKE_PREFIX_PATH=/opt/ros/humble /usr/bin/cmake --install /home/lanqi/ros2_learning/colcon_ws/build/cpp_a_follow_turtle_pkg
[21.893s] -- Install configuration: ""
[21.896s] -- Installing: /home/lanqi/ros2_learning/colcon_ws/install/cpp_a_follow_turtle_pkg/share/ament_index/resource_index/package_run_dependencies/cpp_a_follow_turtle_pkg
[21.898s] -- Installing: /home/lanqi/ros2_learning/colcon_ws/install/cpp_a_follow_turtle_pkg/share/ament_index/resource_index/parent_prefix_path/cpp_a_follow_turtle_pkg
[21.902s] -- Installing: /home/lanqi/ros2_learning/colcon_ws/install/cpp_a_follow_turtle_pkg/share/cpp_a_follow_turtle_pkg/environment/ament_prefix_path.sh
[21.902s] -- Installing: /home/lanqi/ros2_learning/colcon_ws/install/cpp_a_follow_turtle_pkg/share/cpp_a_follow_turtle_pkg/environment/ament_prefix_path.dsv
[21.902s] -- Installing: /home/lanqi/ros2_learning/colcon_ws/install/cpp_a_follow_turtle_pkg/share/cpp_a_follow_turtle_pkg/environment/path.sh
[21.902s] -- Installing: /home/lanqi/ros2_learning/colcon_ws/install/cpp_a_follow_turtle_pkg/share/cpp_a_follow_turtle_pkg/environment/path.dsv
[21.903s] -- Installing: /home/lanqi/ros2_learning/colcon_ws/install/cpp_a_follow_turtle_pkg/share/cpp_a_follow_turtle_pkg/local_setup.bash
[21.903s] -- Installing: /home/lanqi/ros2_learning/colcon_ws/install/cpp_a_follow_turtle_pkg/share/cpp_a_follow_turtle_pkg/local_setup.sh
[21.903s] -- Installing: /home/lanqi/ros2_learning/colcon_ws/install/cpp_a_follow_turtle_pkg/share/cpp_a_follow_turtle_pkg/local_setup.zsh
[21.905s] -- Installing: /home/lanqi/ros2_learning/colcon_ws/install/cpp_a_follow_turtle_pkg/share/cpp_a_follow_turtle_pkg/local_setup.dsv
[21.905s] -- Installing: /home/lanqi/ros2_learning/colcon_ws/install/cpp_a_follow_turtle_pkg/share/cpp_a_follow_turtle_pkg/package.dsv
[21.906s] -- Installing: /home/lanqi/ros2_learning/colcon_ws/install/cpp_a_follow_turtle_pkg/share/ament_index/resource_index/packages/cpp_a_follow_turtle_pkg
[21.908s] -- Installing: /home/lanqi/ros2_learning/colcon_ws/install/cpp_a_follow_turtle_pkg/share/cpp_a_follow_turtle_pkg/cmake/cpp_a_follow_turtle_pkgConfig.cmake
[21.909s] -- Installing: /home/lanqi/ros2_learning/colcon_ws/install/cpp_a_follow_turtle_pkg/share/cpp_a_follow_turtle_pkg/cmake/cpp_a_follow_turtle_pkgConfig-version.cmake
[21.909s] -- Installing: /home/lanqi/ros2_learning/colcon_ws/install/cpp_a_follow_turtle_pkg/share/cpp_a_follow_turtle_pkg/package.xml
[21.921s] Invoked command in '/home/lanqi/ros2_learning/colcon_ws/build/cpp_a_follow_turtle_pkg' returned '0': CMAKE_PREFIX_PATH=/opt/ros/humble /usr/bin/cmake --install /home/lanqi/ros2_learning/colcon_ws/build/cpp_a_follow_turtle_pkg
