-- The C compiler identification is GNU 11.4.0
-- The CXX compiler identification is GNU 11.4.0
-- Detecting C compiler ABI info
-- Detecting C compiler ABI info - done
-- Check for working C compiler: /usr/bin/cc - skipped
-- Detecting C compile features
-- Detecting C compile features - done
-- Detecting CXX compiler ABI info
-- Detecting CXX compiler ABI info - done
-- Check for working CXX compiler: /usr/bin/c++ - skipped
-- Detecting CXX compile features
-- Detecting CXX compile features - done
-- Found ament_cmake: 1.3.11 (/opt/ros/humble/share/ament_cmake/cmake)
-- Found Python3: /usr/bin/python3 (found version "3.10.12") found components: Interpreter 
-- Found rclcpp: 16.0.11 (/opt/ros/humble/share/rclcpp/cmake)
-- Found rosidl_generator_c: 3.1.6 (/opt/ros/humble/share/rosidl_generator_c/cmake)
-- Found rosidl_adapter: 3.1.6 (/opt/ros/humble/share/rosidl_adapter/cmake)
-- Found rosidl_generator_cpp: 3.1.6 (/opt/ros/humble/share/rosidl_generator_cpp/cmake)
-- Using all available rosidl_typesupport_c: rosidl_typesupport_fastrtps_c;rosidl_typesupport_introspection_c
-- Using all available rosidl_typesupport_cpp: rosidl_typesupport_fastrtps_cpp;rosidl_typesupport_introspection_cpp
-- Found rmw_implementation_cmake: 6.1.2 (/opt/ros/humble/share/rmw_implementation_cmake/cmake)
-- Found rmw_fastrtps_cpp: 6.2.7 (/opt/ros/humble/share/rmw_fastrtps_cpp/cmake)
-- Found OpenSSL: /usr/lib/x86_64-linux-gnu/libcrypto.so (found version "3.0.2")  
-- Found FastRTPS: /opt/ros/humble/include  
-- Using RMW implementation 'rmw_fastrtps_cpp' as default
-- Looking for pthread.h
-- Looking for pthread.h - found
-- Performing Test CMAKE_HAVE_LIBC_PTHREAD
-- Performing Test CMAKE_HAVE_LIBC_PTHREAD - Success
-- Found Threads: TRUE  
-- Found tf2: 0.25.12 (/opt/ros/humble/share/tf2/cmake)
-- Found tf2_ros: 0.25.12 (/opt/ros/humble/share/tf2_ros/cmake)
-- Found tf2_geometry_msgs: 0.25.12 (/opt/ros/humble/share/tf2_geometry_msgs/cmake)
-- Found eigen3_cmake_module: 0.1.1 (/opt/ros/humble/share/eigen3_cmake_module/cmake)
-- Found Eigen3: TRUE (found version "3.4.0") 
-- Ensuring Eigen3 include directory is part of orocos-kdl CMake target
-- Found turtlesim: 1.4.2 (/opt/ros/humble/share/turtlesim/cmake)
-- Found ament_lint_auto: 0.12.11 (/opt/ros/humble/share/ament_lint_auto/cmake)
-- Added test 'cppcheck' to perform static code analysis on C / C++ code
-- Configured cppcheck include dirs: 
-- Configured cppcheck exclude dirs and/or files: 
-- Added test 'lint_cmake' to check CMake code style
-- Added test 'uncrustify' to check C / C++ code style
-- Configured uncrustify additional arguments: 
-- Added test 'xmllint' to check XML markup files
-- Configuring done
-- Generating done
-- Build files have been written to: /home/zsy/colcon_ws/build/cpp_a_follow_turtle_pkg
[ 25%] [32mBuilding CXX object CMakeFiles/turtle_pub.dir/src/turtles_pose_pub.cpp.o[0m
[ 50%] [32mBuilding CXX object CMakeFiles/turtle_spawner.dir/src/new_turtle_spawner.cpp.o[0m
[ 75%] [32m[1mLinking CXX executable turtle_spawner[0m
[ 75%] Built target turtle_spawner
[100%] [32m[1mLinking CXX executable turtle_pub[0m
[100%] Built target turtle_pub
-- Install configuration: ""
-- Installing: /home/zsy/colcon_ws/install/cpp_a_follow_turtle_pkg/lib/cpp_a_follow_turtle_pkg/turtle_spawner
-- Set runtime path of "/home/zsy/colcon_ws/install/cpp_a_follow_turtle_pkg/lib/cpp_a_follow_turtle_pkg/turtle_spawner" to ""
-- Installing: /home/zsy/colcon_ws/install/cpp_a_follow_turtle_pkg/lib/cpp_a_follow_turtle_pkg/turtle_pub
-- Set runtime path of "/home/zsy/colcon_ws/install/cpp_a_follow_turtle_pkg/lib/cpp_a_follow_turtle_pkg/turtle_pub" to ""
[31mCMake Error at cmake_install.cmake:86 (file):
  file INSTALL cannot find
  "/home/zsy/colcon_ws/src/cpp_a_follow_turtle_pkg/launch": No such file or
  directory.

[0m
