[0.014s] Invoking command in '/home/zsy/colcon_ws/build/cpp_a_follow_turtle_pkg': CMAKE_PREFIX_PATH=/opt/ros/humble /usr/bin/cmake /home/zsy/colcon_ws/src/cpp_a_follow_turtle_pkg -DCMAKE_INSTALL_PREFIX=/home/zsy/colcon_ws/install/cpp_a_follow_turtle_pkg
[0.222s] -- The C compiler identification is GNU 11.4.0
[0.335s] -- The CXX compiler identification is GNU 11.4.0
[0.345s] -- Detecting C compiler ABI info
[0.428s] -- Detecting C compiler ABI info - done
[0.434s] -- Check for working C compiler: /usr/bin/cc - skipped
[0.434s] -- Detecting C compile features
[0.435s] -- Detecting C compile features - done
[0.440s] -- Detecting CXX compiler ABI info
[0.519s] -- Detecting CXX compiler ABI info - done
[0.524s] -- Check for working CXX compiler: /usr/bin/c++ - skipped
[0.525s] -- Detecting CXX compile features
[0.525s] -- Detecting CXX compile features - done
[0.536s] -- Found ament_cmake: 1.3.11 (/opt/ros/humble/share/ament_cmake/cmake)
[0.677s] -- Found Python3: /usr/bin/python3 (found version "3.10.12") found components: Interpreter 
[0.774s] -- Found rclcpp: 16.0.11 (/opt/ros/humble/share/rclcpp/cmake)
[0.829s] -- Found rosidl_generator_c: 3.1.6 (/opt/ros/humble/share/rosidl_generator_c/cmake)
[0.836s] -- Found rosidl_adapter: 3.1.6 (/opt/ros/humble/share/rosidl_adapter/cmake)
[0.847s] -- Found rosidl_generator_cpp: 3.1.6 (/opt/ros/humble/share/rosidl_generator_cpp/cmake)
[0.866s] -- Using all available rosidl_typesupport_c: rosidl_typesupport_fastrtps_c;rosidl_typesupport_introspection_c
[0.885s] -- Using all available rosidl_typesupport_cpp: rosidl_typesupport_fastrtps_cpp;rosidl_typesupport_introspection_cpp
[0.946s] -- Found rmw_implementation_cmake: 6.1.2 (/opt/ros/humble/share/rmw_implementation_cmake/cmake)
[0.950s] -- Found rmw_fastrtps_cpp: 6.2.7 (/opt/ros/humble/share/rmw_fastrtps_cpp/cmake)
[1.040s] -- Found OpenSSL: /usr/lib/x86_64-linux-gnu/libcrypto.so (found version "3.0.2")  
[1.063s] -- Found FastRTPS: /opt/ros/humble/include  
[1.093s] -- Using RMW implementation 'rmw_fastrtps_cpp' as default
[1.106s] -- Looking for pthread.h
[1.192s] -- Looking for pthread.h - found
[1.192s] -- Performing Test CMAKE_HAVE_LIBC_PTHREAD
[1.260s] -- Performing Test CMAKE_HAVE_LIBC_PTHREAD - Success
[1.261s] -- Found Threads: TRUE  
[1.325s] -- Found tf2: 0.25.12 (/opt/ros/humble/share/tf2/cmake)
[1.352s] -- Found tf2_ros: 0.25.12 (/opt/ros/humble/share/tf2_ros/cmake)
[1.457s] -- Found tf2_geometry_msgs: 0.25.12 (/opt/ros/humble/share/tf2_geometry_msgs/cmake)
[1.470s] -- Found eigen3_cmake_module: 0.1.1 (/opt/ros/humble/share/eigen3_cmake_module/cmake)
[1.473s] -- Found Eigen3: TRUE (found version "3.4.0") 
[1.473s] -- Ensuring Eigen3 include directory is part of orocos-kdl CMake target
[1.476s] -- Found turtlesim: 1.4.2 (/opt/ros/humble/share/turtlesim/cmake)
[1.492s] -- Found ament_lint_auto: 0.12.11 (/opt/ros/humble/share/ament_lint_auto/cmake)
[1.568s] -- Added test 'cppcheck' to perform static code analysis on C / C++ code
[1.568s] -- Configured cppcheck include dirs: 
[1.568s] -- Configured cppcheck exclude dirs and/or files: 
[1.569s] -- Added test 'lint_cmake' to check CMake code style
[1.570s] -- Added test 'uncrustify' to check C / C++ code style
[1.570s] -- Configured uncrustify additional arguments: 
[1.570s] -- Added test 'xmllint' to check XML markup files
[1.572s] -- Configuring done
[1.586s] -- Generating done
[1.594s] -- Build files have been written to: /home/zsy/colcon_ws/build/cpp_a_follow_turtle_pkg
[1.607s] Invoked command in '/home/zsy/colcon_ws/build/cpp_a_follow_turtle_pkg' returned '0': CMAKE_PREFIX_PATH=/opt/ros/humble /usr/bin/cmake /home/zsy/colcon_ws/src/cpp_a_follow_turtle_pkg -DCMAKE_INSTALL_PREFIX=/home/zsy/colcon_ws/install/cpp_a_follow_turtle_pkg
[1.609s] Invoking command in '/home/zsy/colcon_ws/build/cpp_a_follow_turtle_pkg': CMAKE_PREFIX_PATH=/opt/ros/humble /usr/bin/cmake --build /home/zsy/colcon_ws/build/cpp_a_follow_turtle_pkg -- -j4 -l4
[1.685s] [ 25%] [32mBuilding CXX object CMakeFiles/turtle_pub.dir/src/turtles_pose_pub.cpp.o[0m
[1.685s] [ 50%] [32mBuilding CXX object CMakeFiles/turtle_spawner.dir/src/new_turtle_spawner.cpp.o[0m
[5.663s] [ 75%] [32m[1mLinking CXX executable turtle_spawner[0m
[6.129s] [ 75%] Built target turtle_spawner
[10.770s] [100%] [32m[1mLinking CXX executable turtle_pub[0m
[11.244s] [100%] Built target turtle_pub
[11.254s] Invoked command in '/home/zsy/colcon_ws/build/cpp_a_follow_turtle_pkg' returned '0': CMAKE_PREFIX_PATH=/opt/ros/humble /usr/bin/cmake --build /home/zsy/colcon_ws/build/cpp_a_follow_turtle_pkg -- -j4 -l4
[11.265s] Invoking command in '/home/zsy/colcon_ws/build/cpp_a_follow_turtle_pkg': CMAKE_PREFIX_PATH=/opt/ros/humble /usr/bin/cmake --install /home/zsy/colcon_ws/build/cpp_a_follow_turtle_pkg
[11.272s] -- Install configuration: ""
[11.272s] -- Installing: /home/zsy/colcon_ws/install/cpp_a_follow_turtle_pkg/lib/cpp_a_follow_turtle_pkg/turtle_spawner
[11.273s] -- Set runtime path of "/home/zsy/colcon_ws/install/cpp_a_follow_turtle_pkg/lib/cpp_a_follow_turtle_pkg/turtle_spawner" to ""
[11.273s] -- Installing: /home/zsy/colcon_ws/install/cpp_a_follow_turtle_pkg/lib/cpp_a_follow_turtle_pkg/turtle_pub
[11.275s] -- Set runtime path of "/home/zsy/colcon_ws/install/cpp_a_follow_turtle_pkg/lib/cpp_a_follow_turtle_pkg/turtle_pub" to ""
[11.275s] [31mCMake Error at cmake_install.cmake:86 (file):
[11.275s]   file INSTALL cannot find
[11.275s]   "/home/zsy/colcon_ws/src/cpp_a_follow_turtle_pkg/launch": No such file or
[11.275s]   directory.
[11.275s] 
[11.275s] [0m
[11.278s] Invoked command in '/home/zsy/colcon_ws/build/cpp_a_follow_turtle_pkg' returned '1': CMAKE_PREFIX_PATH=/opt/ros/humble /usr/bin/cmake --install /home/zsy/colcon_ws/build/cpp_a_follow_turtle_pkg
