[0.178s] DEBUG:colcon:Command line arguments: ['/usr/bin/colcon', 'build']
[0.178s] DEBUG:colcon:Parsed command line arguments: Namespace(log_base=None, log_level=None, verb_name='build', build_base='build', install_base='install', merge_install=False, symlink_install=False, test_result_base=None, continue_on_error=False, executor='parallel', parallel_workers=4, event_handlers=None, ignore_user_meta=False, metas=['./colcon.meta'], base_paths=['.'], packages_ignore=None, packages_ignore_regex=None, paths=None, packages_up_to=None, packages_up_to_regex=None, packages_above=None, packages_above_and_dependencies=None, packages_above_depth=None, packages_select_by_dep=None, packages_skip_by_dep=None, packages_skip_up_to=None, packages_select_build_failed=False, packages_skip_build_finished=False, packages_select_test_failures=False, packages_skip_test_passed=False, packages_select=None, packages_skip=None, packages_select_regex=None, packages_skip_regex=None, packages_start=None, packages_end=None, allow_overriding=[], cmake_args=None, cmake_target=None, cmake_target_skip_unavailable=False, cmake_clean_cache=False, cmake_clean_first=False, cmake_force_configure=False, ament_cmake_args=None, catkin_cmake_args=None, catkin_skip_building_tests=False, verb_parser=<colcon_defaults.argument_parser.defaults.DefaultArgumentsDecorator object at 0x754d03137490>, verb_extension=<colcon_core.verb.build.BuildVerb object at 0x754d03137040>, main=<bound method BuildVerb.main of <colcon_core.verb.build.BuildVerb object at 0x754d03137040>>)
[0.459s] Level 1:colcon.colcon_core.package_discovery:discover_packages(colcon_meta) check parameters
[0.459s] Level 1:colcon.colcon_core.package_discovery:discover_packages(recursive) check parameters
[0.459s] Level 1:colcon.colcon_core.package_discovery:discover_packages(ignore) check parameters
[0.459s] Level 1:colcon.colcon_core.package_discovery:discover_packages(path) check parameters
[0.459s] Level 1:colcon.colcon_core.package_discovery:discover_packages(colcon_meta) discover
[0.459s] Level 1:colcon.colcon_core.package_discovery:discover_packages(recursive) discover
[0.460s] INFO:colcon.colcon_core.package_discovery:Crawling recursively for packages in '/home/lanqi/ros2_learning/colcon_ws'
[0.460s] Level 1:colcon.colcon_core.package_identification:_identify(.) by extensions ['ignore', 'ignore_ament_install']
[0.460s] Level 1:colcon.colcon_core.package_identification:_identify(.) by extension 'ignore'
[0.460s] Level 1:colcon.colcon_core.package_identification:_identify(.) by extension 'ignore_ament_install'
[0.461s] Level 1:colcon.colcon_core.package_identification:_identify(.) by extensions ['colcon_pkg']
[0.461s] Level 1:colcon.colcon_core.package_identification:_identify(.) by extension 'colcon_pkg'
[0.461s] Level 1:colcon.colcon_core.package_identification:_identify(.) by extensions ['colcon_meta']
[0.461s] Level 1:colcon.colcon_core.package_identification:_identify(.) by extension 'colcon_meta'
[0.461s] Level 1:colcon.colcon_core.package_identification:_identify(.) by extensions ['ros']
[0.461s] Level 1:colcon.colcon_core.package_identification:_identify(.) by extension 'ros'
[0.498s] Level 1:colcon.colcon_core.package_identification:_identify(.) by extensions ['cmake', 'python']
[0.498s] Level 1:colcon.colcon_core.package_identification:_identify(.) by extension 'cmake'
[0.498s] Level 1:colcon.colcon_core.package_identification:_identify(.) by extension 'python'
[0.498s] Level 1:colcon.colcon_core.package_identification:_identify(.) by extensions ['python_setup_py']
[0.498s] Level 1:colcon.colcon_core.package_identification:_identify(.) by extension 'python_setup_py'
[0.498s] Level 1:colcon.colcon_core.package_identification:_identify(build) by extensions ['ignore', 'ignore_ament_install']
[0.498s] Level 1:colcon.colcon_core.package_identification:_identify(build) by extension 'ignore'
[0.498s] Level 1:colcon.colcon_core.package_identification:_identify(build) ignored
[0.499s] Level 1:colcon.colcon_core.package_identification:_identify(install) by extensions ['ignore', 'ignore_ament_install']
[0.499s] Level 1:colcon.colcon_core.package_identification:_identify(install) by extension 'ignore'
[0.499s] Level 1:colcon.colcon_core.package_identification:_identify(install) ignored
[0.499s] Level 1:colcon.colcon_core.package_identification:_identify(log) by extensions ['ignore', 'ignore_ament_install']
[0.499s] Level 1:colcon.colcon_core.package_identification:_identify(log) by extension 'ignore'
[0.499s] Level 1:colcon.colcon_core.package_identification:_identify(log) ignored
[0.499s] Level 1:colcon.colcon_core.package_identification:_identify(src) by extensions ['ignore', 'ignore_ament_install']
[0.499s] Level 1:colcon.colcon_core.package_identification:_identify(src) by extension 'ignore'
[0.500s] Level 1:colcon.colcon_core.package_identification:_identify(src) by extension 'ignore_ament_install'
[0.500s] Level 1:colcon.colcon_core.package_identification:_identify(src) by extensions ['colcon_pkg']
[0.500s] Level 1:colcon.colcon_core.package_identification:_identify(src) by extension 'colcon_pkg'
[0.500s] Level 1:colcon.colcon_core.package_identification:_identify(src) by extensions ['colcon_meta']
[0.500s] Level 1:colcon.colcon_core.package_identification:_identify(src) by extension 'colcon_meta'
[0.500s] Level 1:colcon.colcon_core.package_identification:_identify(src) by extensions ['ros']
[0.500s] Level 1:colcon.colcon_core.package_identification:_identify(src) by extension 'ros'
[0.500s] Level 1:colcon.colcon_core.package_identification:_identify(src) by extensions ['cmake', 'python']
[0.500s] Level 1:colcon.colcon_core.package_identification:_identify(src) by extension 'cmake'
[0.500s] Level 1:colcon.colcon_core.package_identification:_identify(src) by extension 'python'
[0.500s] Level 1:colcon.colcon_core.package_identification:_identify(src) by extensions ['python_setup_py']
[0.500s] Level 1:colcon.colcon_core.package_identification:_identify(src) by extension 'python_setup_py'
[0.501s] Level 1:colcon.colcon_core.package_identification:_identify(src/cpp_a_follow_turtle_pkg) by extensions ['ignore', 'ignore_ament_install']
[0.501s] Level 1:colcon.colcon_core.package_identification:_identify(src/cpp_a_follow_turtle_pkg) by extension 'ignore'
[0.501s] Level 1:colcon.colcon_core.package_identification:_identify(src/cpp_a_follow_turtle_pkg) by extension 'ignore_ament_install'
[0.501s] Level 1:colcon.colcon_core.package_identification:_identify(src/cpp_a_follow_turtle_pkg) by extensions ['colcon_pkg']
[0.501s] Level 1:colcon.colcon_core.package_identification:_identify(src/cpp_a_follow_turtle_pkg) by extension 'colcon_pkg'
[0.501s] Level 1:colcon.colcon_core.package_identification:_identify(src/cpp_a_follow_turtle_pkg) by extensions ['colcon_meta']
[0.502s] Level 1:colcon.colcon_core.package_identification:_identify(src/cpp_a_follow_turtle_pkg) by extension 'colcon_meta'
[0.502s] Level 1:colcon.colcon_core.package_identification:_identify(src/cpp_a_follow_turtle_pkg) by extensions ['ros']
[0.502s] Level 1:colcon.colcon_core.package_identification:_identify(src/cpp_a_follow_turtle_pkg) by extension 'ros'
[0.508s] DEBUG:colcon.colcon_core.package_identification:Package 'src/cpp_a_follow_turtle_pkg' with type 'ros.ament_cmake' and name 'cpp_a_follow_turtle_pkg'
[0.508s] Level 1:colcon.colcon_core.package_discovery:discover_packages(recursive) using defaults
[0.508s] Level 1:colcon.colcon_core.package_discovery:discover_packages(ignore) discover
[0.508s] Level 1:colcon.colcon_core.package_discovery:discover_packages(ignore) using defaults
[0.508s] Level 1:colcon.colcon_core.package_discovery:discover_packages(path) discover
[0.509s] Level 1:colcon.colcon_core.package_discovery:discover_packages(path) using defaults
[0.559s] Level 1:colcon.colcon_core.package_discovery:discover_packages(prefix_path) check parameters
[0.559s] Level 1:colcon.colcon_core.package_discovery:discover_packages(prefix_path) discover
[0.564s] DEBUG:colcon.colcon_installed_package_information.package_discovery:Found 271 installed packages in /opt/ros/humble
[0.580s] Level 1:colcon.colcon_core.package_discovery:discover_packages(prefix_path) using defaults
[0.633s] Level 5:colcon.colcon_core.verb:set package 'cpp_a_follow_turtle_pkg' build argument 'cmake_args' from command line to 'None'
[0.633s] Level 5:colcon.colcon_core.verb:set package 'cpp_a_follow_turtle_pkg' build argument 'cmake_target' from command line to 'None'
[0.633s] Level 5:colcon.colcon_core.verb:set package 'cpp_a_follow_turtle_pkg' build argument 'cmake_target_skip_unavailable' from command line to 'False'
[0.633s] Level 5:colcon.colcon_core.verb:set package 'cpp_a_follow_turtle_pkg' build argument 'cmake_clean_cache' from command line to 'False'
[0.633s] Level 5:colcon.colcon_core.verb:set package 'cpp_a_follow_turtle_pkg' build argument 'cmake_clean_first' from command line to 'False'
[0.633s] Level 5:colcon.colcon_core.verb:set package 'cpp_a_follow_turtle_pkg' build argument 'cmake_force_configure' from command line to 'False'
[0.633s] Level 5:colcon.colcon_core.verb:set package 'cpp_a_follow_turtle_pkg' build argument 'ament_cmake_args' from command line to 'None'
[0.633s] Level 5:colcon.colcon_core.verb:set package 'cpp_a_follow_turtle_pkg' build argument 'catkin_cmake_args' from command line to 'None'
[0.633s] Level 5:colcon.colcon_core.verb:set package 'cpp_a_follow_turtle_pkg' build argument 'catkin_skip_building_tests' from command line to 'False'
[0.633s] DEBUG:colcon.colcon_core.verb:Building package 'cpp_a_follow_turtle_pkg' with the following arguments: {'ament_cmake_args': None, 'build_base': '/home/lanqi/ros2_learning/colcon_ws/build/cpp_a_follow_turtle_pkg', 'catkin_cmake_args': None, 'catkin_skip_building_tests': False, 'cmake_args': None, 'cmake_clean_cache': False, 'cmake_clean_first': False, 'cmake_force_configure': False, 'cmake_target': None, 'cmake_target_skip_unavailable': False, 'install_base': '/home/lanqi/ros2_learning/colcon_ws/install/cpp_a_follow_turtle_pkg', 'merge_install': False, 'path': '/home/lanqi/ros2_learning/colcon_ws/src/cpp_a_follow_turtle_pkg', 'symlink_install': False, 'test_result_base': None}
[0.634s] INFO:colcon.colcon_core.executor:Executing jobs using 'parallel' executor
[0.635s] DEBUG:colcon.colcon_parallel_executor.executor.parallel:run_until_complete
[0.636s] INFO:colcon.colcon_ros.task.ament_cmake.build:Building ROS package in '/home/lanqi/ros2_learning/colcon_ws/src/cpp_a_follow_turtle_pkg' with build type 'ament_cmake'
[0.636s] INFO:colcon.colcon_cmake.task.cmake.build:Building CMake package in '/home/lanqi/ros2_learning/colcon_ws/src/cpp_a_follow_turtle_pkg'
[0.640s] INFO:colcon.colcon_core.plugin_system:Skipping extension 'colcon_core.shell.bat': Not used on non-Windows systems
[0.640s] INFO:colcon.colcon_core.shell:Skip shell extension 'powershell' for command environment: Not usable outside of PowerShell
[0.640s] DEBUG:colcon.colcon_core.shell:Skip shell extension 'dsv' for command environment
[0.658s] DEBUG:colcon.colcon_core.event_handler.log_command:Invoking command in '/home/lanqi/ros2_learning/colcon_ws/build/cpp_a_follow_turtle_pkg': CMAKE_PREFIX_PATH=/opt/ros/humble /usr/bin/cmake --build /home/lanqi/ros2_learning/colcon_ws/build/cpp_a_follow_turtle_pkg -- -j4 -l4
[11.621s] DEBUG:colcon.colcon_core.event_handler.log_command:Invoked command in '/home/lanqi/ros2_learning/colcon_ws/build/cpp_a_follow_turtle_pkg' returned '0': CMAKE_PREFIX_PATH=/opt/ros/humble /usr/bin/cmake --build /home/lanqi/ros2_learning/colcon_ws/build/cpp_a_follow_turtle_pkg -- -j4 -l4
[11.640s] DEBUG:colcon.colcon_core.event_handler.log_command:Invoking command in '/home/lanqi/ros2_learning/colcon_ws/build/cpp_a_follow_turtle_pkg': CMAKE_PREFIX_PATH=/opt/ros/humble /usr/bin/cmake --install /home/lanqi/ros2_learning/colcon_ws/build/cpp_a_follow_turtle_pkg
[11.672s] Level 1:colcon.colcon_core.environment:create_environment_scripts_only(cpp_a_follow_turtle_pkg)
[11.673s] DEBUG:colcon.colcon_core.event_handler.log_command:Invoked command in '/home/lanqi/ros2_learning/colcon_ws/build/cpp_a_follow_turtle_pkg' returned '0': CMAKE_PREFIX_PATH=/opt/ros/humble /usr/bin/cmake --install /home/lanqi/ros2_learning/colcon_ws/build/cpp_a_follow_turtle_pkg
[11.676s] Level 1:colcon.colcon_core.environment:checking '/home/lanqi/ros2_learning/colcon_ws/install/cpp_a_follow_turtle_pkg' for CMake module files
[11.677s] Level 1:colcon.colcon_core.environment:checking '/home/lanqi/ros2_learning/colcon_ws/install/cpp_a_follow_turtle_pkg' for CMake config files
[11.677s] Level 1:colcon.colcon_core.shell:create_environment_hook('cpp_a_follow_turtle_pkg', 'cmake_prefix_path')
[11.678s] INFO:colcon.colcon_core.shell:Creating environment hook '/home/lanqi/ros2_learning/colcon_ws/install/cpp_a_follow_turtle_pkg/share/cpp_a_follow_turtle_pkg/hook/cmake_prefix_path.ps1'
[11.679s] INFO:colcon.colcon_core.shell:Creating environment descriptor '/home/lanqi/ros2_learning/colcon_ws/install/cpp_a_follow_turtle_pkg/share/cpp_a_follow_turtle_pkg/hook/cmake_prefix_path.dsv'
[11.680s] INFO:colcon.colcon_core.shell:Creating environment hook '/home/lanqi/ros2_learning/colcon_ws/install/cpp_a_follow_turtle_pkg/share/cpp_a_follow_turtle_pkg/hook/cmake_prefix_path.sh'
[11.681s] Level 1:colcon.colcon_core.environment:checking '/home/lanqi/ros2_learning/colcon_ws/install/cpp_a_follow_turtle_pkg/lib'
[11.681s] Level 1:colcon.colcon_core.environment:checking '/home/lanqi/ros2_learning/colcon_ws/install/cpp_a_follow_turtle_pkg/bin'
[11.681s] Level 1:colcon.colcon_core.environment:checking '/home/lanqi/ros2_learning/colcon_ws/install/cpp_a_follow_turtle_pkg/lib/pkgconfig/cpp_a_follow_turtle_pkg.pc'
[11.682s] Level 1:colcon.colcon_core.environment:checking '/home/lanqi/ros2_learning/colcon_ws/install/cpp_a_follow_turtle_pkg/lib/python3.10/site-packages'
[11.682s] Level 1:colcon.colcon_core.environment:checking '/home/lanqi/ros2_learning/colcon_ws/install/cpp_a_follow_turtle_pkg/bin'
[11.683s] INFO:colcon.colcon_core.shell:Creating package script '/home/lanqi/ros2_learning/colcon_ws/install/cpp_a_follow_turtle_pkg/share/cpp_a_follow_turtle_pkg/package.ps1'
[11.684s] INFO:colcon.colcon_core.shell:Creating package descriptor '/home/lanqi/ros2_learning/colcon_ws/install/cpp_a_follow_turtle_pkg/share/cpp_a_follow_turtle_pkg/package.dsv'
[11.685s] INFO:colcon.colcon_core.shell:Creating package script '/home/lanqi/ros2_learning/colcon_ws/install/cpp_a_follow_turtle_pkg/share/cpp_a_follow_turtle_pkg/package.sh'
[11.686s] INFO:colcon.colcon_core.shell:Creating package script '/home/lanqi/ros2_learning/colcon_ws/install/cpp_a_follow_turtle_pkg/share/cpp_a_follow_turtle_pkg/package.bash'
[11.687s] INFO:colcon.colcon_core.shell:Creating package script '/home/lanqi/ros2_learning/colcon_ws/install/cpp_a_follow_turtle_pkg/share/cpp_a_follow_turtle_pkg/package.zsh'
[11.688s] Level 1:colcon.colcon_core.environment:create_file_with_runtime_dependencies(/home/lanqi/ros2_learning/colcon_ws/install/cpp_a_follow_turtle_pkg/share/colcon-core/packages/cpp_a_follow_turtle_pkg)
[11.689s] Level 1:colcon.colcon_core.environment:create_environment_scripts_only(cpp_a_follow_turtle_pkg)
[11.689s] Level 1:colcon.colcon_core.environment:checking '/home/lanqi/ros2_learning/colcon_ws/install/cpp_a_follow_turtle_pkg' for CMake module files
[11.690s] Level 1:colcon.colcon_core.environment:checking '/home/lanqi/ros2_learning/colcon_ws/install/cpp_a_follow_turtle_pkg' for CMake config files
[11.690s] Level 1:colcon.colcon_core.shell:create_environment_hook('cpp_a_follow_turtle_pkg', 'cmake_prefix_path')
[11.691s] INFO:colcon.colcon_core.shell:Creating environment hook '/home/lanqi/ros2_learning/colcon_ws/install/cpp_a_follow_turtle_pkg/share/cpp_a_follow_turtle_pkg/hook/cmake_prefix_path.ps1'
[11.692s] INFO:colcon.colcon_core.shell:Creating environment descriptor '/home/lanqi/ros2_learning/colcon_ws/install/cpp_a_follow_turtle_pkg/share/cpp_a_follow_turtle_pkg/hook/cmake_prefix_path.dsv'
[11.692s] INFO:colcon.colcon_core.shell:Creating environment hook '/home/lanqi/ros2_learning/colcon_ws/install/cpp_a_follow_turtle_pkg/share/cpp_a_follow_turtle_pkg/hook/cmake_prefix_path.sh'
[11.693s] Level 1:colcon.colcon_core.environment:checking '/home/lanqi/ros2_learning/colcon_ws/install/cpp_a_follow_turtle_pkg/lib'
[11.693s] Level 1:colcon.colcon_core.environment:checking '/home/lanqi/ros2_learning/colcon_ws/install/cpp_a_follow_turtle_pkg/bin'
[11.693s] Level 1:colcon.colcon_core.environment:checking '/home/lanqi/ros2_learning/colcon_ws/install/cpp_a_follow_turtle_pkg/lib/pkgconfig/cpp_a_follow_turtle_pkg.pc'
[11.694s] Level 1:colcon.colcon_core.environment:checking '/home/lanqi/ros2_learning/colcon_ws/install/cpp_a_follow_turtle_pkg/lib/python3.10/site-packages'
[11.694s] Level 1:colcon.colcon_core.environment:checking '/home/lanqi/ros2_learning/colcon_ws/install/cpp_a_follow_turtle_pkg/bin'
[11.695s] INFO:colcon.colcon_core.shell:Creating package script '/home/lanqi/ros2_learning/colcon_ws/install/cpp_a_follow_turtle_pkg/share/cpp_a_follow_turtle_pkg/package.ps1'
[11.696s] INFO:colcon.colcon_core.shell:Creating package descriptor '/home/lanqi/ros2_learning/colcon_ws/install/cpp_a_follow_turtle_pkg/share/cpp_a_follow_turtle_pkg/package.dsv'
[11.696s] INFO:colcon.colcon_core.shell:Creating package script '/home/lanqi/ros2_learning/colcon_ws/install/cpp_a_follow_turtle_pkg/share/cpp_a_follow_turtle_pkg/package.sh'
[11.697s] INFO:colcon.colcon_core.shell:Creating package script '/home/lanqi/ros2_learning/colcon_ws/install/cpp_a_follow_turtle_pkg/share/cpp_a_follow_turtle_pkg/package.bash'
[11.698s] INFO:colcon.colcon_core.shell:Creating package script '/home/lanqi/ros2_learning/colcon_ws/install/cpp_a_follow_turtle_pkg/share/cpp_a_follow_turtle_pkg/package.zsh'
[11.699s] Level 1:colcon.colcon_core.environment:create_file_with_runtime_dependencies(/home/lanqi/ros2_learning/colcon_ws/install/cpp_a_follow_turtle_pkg/share/colcon-core/packages/cpp_a_follow_turtle_pkg)
[11.699s] DEBUG:colcon.colcon_parallel_executor.executor.parallel:closing loop
[11.700s] DEBUG:colcon.colcon_parallel_executor.executor.parallel:loop closed
[11.700s] DEBUG:colcon.colcon_parallel_executor.executor.parallel:run_until_complete finished with '0'
[11.700s] DEBUG:colcon.colcon_core.event_reactor:joining thread
[11.709s] INFO:colcon.colcon_core.plugin_system:Skipping extension 'colcon_notification.desktop_notification.terminal_notifier': Not used on non-Darwin systems
[11.709s] INFO:colcon.colcon_core.plugin_system:Skipping extension 'colcon_notification.desktop_notification.win32': Not used on non-Windows systems
[11.709s] INFO:colcon.colcon_notification.desktop_notification:Sending desktop notification using 'notify2'
[11.728s] DEBUG:colcon.colcon_core.event_reactor:joined thread
[11.729s] INFO:colcon.colcon_core.shell:Creating prefix script '/home/lanqi/ros2_learning/colcon_ws/install/local_setup.ps1'
[11.732s] INFO:colcon.colcon_core.shell:Creating prefix util module '/home/lanqi/ros2_learning/colcon_ws/install/_local_setup_util_ps1.py'
[11.735s] INFO:colcon.colcon_core.shell:Creating prefix chain script '/home/lanqi/ros2_learning/colcon_ws/install/setup.ps1'
[11.737s] INFO:colcon.colcon_core.shell:Creating prefix script '/home/lanqi/ros2_learning/colcon_ws/install/local_setup.sh'
[11.739s] INFO:colcon.colcon_core.shell:Creating prefix util module '/home/lanqi/ros2_learning/colcon_ws/install/_local_setup_util_sh.py'
[11.740s] INFO:colcon.colcon_core.shell:Creating prefix chain script '/home/lanqi/ros2_learning/colcon_ws/install/setup.sh'
[11.742s] INFO:colcon.colcon_core.shell:Creating prefix script '/home/lanqi/ros2_learning/colcon_ws/install/local_setup.bash'
[11.743s] INFO:colcon.colcon_core.shell:Creating prefix chain script '/home/lanqi/ros2_learning/colcon_ws/install/setup.bash'
[11.744s] INFO:colcon.colcon_core.shell:Creating prefix script '/home/lanqi/ros2_learning/colcon_ws/install/local_setup.zsh'
[11.745s] INFO:colcon.colcon_core.shell:Creating prefix chain script '/home/lanqi/ros2_learning/colcon_ws/install/setup.zsh'
