[0.009s] Invoking command in '/home/zsy/colcon_ws/build/cpp_a_follow_turtle_pkg': CMAKE_PREFIX_PATH=/opt/ros/humble /usr/bin/cmake --build /home/zsy/colcon_ws/build/cpp_a_follow_turtle_pkg -- -j4 -l4
[0.039s] -- Found ament_cmake: 1.3.11 (/opt/ros/humble/share/ament_cmake/cmake)
[0.174s] -- Found rclcpp: 16.0.11 (/opt/ros/humble/share/rclcpp/cmake)
[0.211s] -- Found rosidl_generator_c: 3.1.6 (/opt/ros/humble/share/rosidl_generator_c/cmake)
[0.215s] -- Found rosidl_adapter: 3.1.6 (/opt/ros/humble/share/rosidl_adapter/cmake)
[0.224s] -- Found rosidl_generator_cpp: 3.1.6 (/opt/ros/humble/share/rosidl_generator_cpp/cmake)
[0.238s] -- Using all available rosidl_typesupport_c: rosidl_typesupport_fastrtps_c;rosidl_typesupport_introspection_c
[0.254s] -- Using all available rosidl_typesupport_cpp: rosidl_typesupport_fastrtps_cpp;rosidl_typesupport_introspection_cpp
[0.299s] -- Found rmw_implementation_cmake: 6.1.2 (/opt/ros/humble/share/rmw_implementation_cmake/cmake)
[0.301s] -- Found rmw_fastrtps_cpp: 6.2.7 (/opt/ros/humble/share/rmw_fastrtps_cpp/cmake)
[0.385s] -- Using RMW implementation 'rmw_fastrtps_cpp' as default
[0.440s] -- Found tf2: 0.25.12 (/opt/ros/humble/share/tf2/cmake)
[0.457s] -- Found tf2_ros: 0.25.12 (/opt/ros/humble/share/tf2_ros/cmake)
[0.533s] -- Found tf2_geometry_msgs: 0.25.12 (/opt/ros/humble/share/tf2_geometry_msgs/cmake)
[0.539s] -- Found eigen3_cmake_module: 0.1.1 (/opt/ros/humble/share/eigen3_cmake_module/cmake)
[0.541s] -- Ensuring Eigen3 include directory is part of orocos-kdl CMake target
[0.542s] -- Found turtlesim: 1.4.2 (/opt/ros/humble/share/turtlesim/cmake)
[0.557s] -- Found ament_lint_auto: 0.12.11 (/opt/ros/humble/share/ament_lint_auto/cmake)
[0.622s] -- Added test 'cppcheck' to perform static code analysis on C / C++ code
[0.623s] -- Configured cppcheck include dirs: 
[0.623s] -- Configured cppcheck exclude dirs and/or files: 
[0.623s] -- Added test 'lint_cmake' to check CMake code style
[0.624s] -- Added test 'uncrustify' to check C / C++ code style
[0.624s] -- Configured uncrustify additional arguments: 
[0.624s] -- Added test 'xmllint' to check XML markup files
[0.626s] -- Configuring done
[0.642s] -- Generating done
[0.646s] -- Build files have been written to: /home/zsy/colcon_ws/build/cpp_a_follow_turtle_pkg
[0.673s] [35m[1mConsolidate compiler generated dependencies of target turtle_spawner[0m
[0.673s] [35m[1mConsolidate compiler generated dependencies of target turtle_pub[0m
[0.688s] [ 50%] [32m[1mLinking CXX executable turtle_pub[0m
[0.688s] [ 50%] [32m[1mLinking CXX executable turtle_spawner[0m
[0.829s] [ 75%] Built target turtle_spawner
[1.064s] [100%] Built target turtle_pub
[1.074s] Invoked command in '/home/zsy/colcon_ws/build/cpp_a_follow_turtle_pkg' returned '0': CMAKE_PREFIX_PATH=/opt/ros/humble /usr/bin/cmake --build /home/zsy/colcon_ws/build/cpp_a_follow_turtle_pkg -- -j4 -l4
[1.083s] Invoking command in '/home/zsy/colcon_ws/build/cpp_a_follow_turtle_pkg': CMAKE_PREFIX_PATH=/opt/ros/humble /usr/bin/cmake --install /home/zsy/colcon_ws/build/cpp_a_follow_turtle_pkg
[1.089s] -- Install configuration: ""
[1.089s] -- Installing: /home/zsy/colcon_ws/install/cpp_a_follow_turtle_pkg/share/ament_index/resource_index/package_run_dependencies/cpp_a_follow_turtle_pkg
[1.089s] -- Installing: /home/zsy/colcon_ws/install/cpp_a_follow_turtle_pkg/share/ament_index/resource_index/parent_prefix_path/cpp_a_follow_turtle_pkg
[1.089s] -- Installing: /home/zsy/colcon_ws/install/cpp_a_follow_turtle_pkg/share/cpp_a_follow_turtle_pkg/environment/ament_prefix_path.sh
[1.089s] -- Installing: /home/zsy/colcon_ws/install/cpp_a_follow_turtle_pkg/share/cpp_a_follow_turtle_pkg/environment/ament_prefix_path.dsv
[1.090s] -- Installing: /home/zsy/colcon_ws/install/cpp_a_follow_turtle_pkg/share/cpp_a_follow_turtle_pkg/environment/path.sh
[1.090s] -- Installing: /home/zsy/colcon_ws/install/cpp_a_follow_turtle_pkg/share/cpp_a_follow_turtle_pkg/environment/path.dsv
[1.090s] -- Installing: /home/zsy/colcon_ws/install/cpp_a_follow_turtle_pkg/share/cpp_a_follow_turtle_pkg/local_setup.bash
[1.090s] -- Installing: /home/zsy/colcon_ws/install/cpp_a_follow_turtle_pkg/share/cpp_a_follow_turtle_pkg/local_setup.sh
[1.090s] -- Installing: /home/zsy/colcon_ws/install/cpp_a_follow_turtle_pkg/share/cpp_a_follow_turtle_pkg/local_setup.zsh
[1.090s] -- Installing: /home/zsy/colcon_ws/install/cpp_a_follow_turtle_pkg/share/cpp_a_follow_turtle_pkg/local_setup.dsv
[1.090s] -- Installing: /home/zsy/colcon_ws/install/cpp_a_follow_turtle_pkg/share/cpp_a_follow_turtle_pkg/package.dsv
[1.090s] -- Installing: /home/zsy/colcon_ws/install/cpp_a_follow_turtle_pkg/share/ament_index/resource_index/packages/cpp_a_follow_turtle_pkg
[1.090s] -- Installing: /home/zsy/colcon_ws/install/cpp_a_follow_turtle_pkg/share/cpp_a_follow_turtle_pkg/cmake/cpp_a_follow_turtle_pkgConfig.cmake
[1.090s] -- Installing: /home/zsy/colcon_ws/install/cpp_a_follow_turtle_pkg/share/cpp_a_follow_turtle_pkg/cmake/cpp_a_follow_turtle_pkgConfig-version.cmake
[1.090s] -- Installing: /home/zsy/colcon_ws/install/cpp_a_follow_turtle_pkg/share/cpp_a_follow_turtle_pkg/package.xml
[1.092s] Invoked command in '/home/zsy/colcon_ws/build/cpp_a_follow_turtle_pkg' returned '0': CMAKE_PREFIX_PATH=/opt/ros/humble /usr/bin/cmake --install /home/zsy/colcon_ws/build/cpp_a_follow_turtle_pkg
